'2023-07-05 10:43:10 test_shouye.py test_import line:19 [INFO] 导入数据'
'2023-07-05 10:43:51 test_shouye.py test_import line:42 [INFO] 导入完成！'
'2023-07-05 10:43:51 test_shouye.py test_export_usb_rawdata line:55 [INFO] 导出USB:rawdata'
'2023-07-05 10:45:02 test_shouye.py test_export_usb_rawdata line:85 [INFO] 导出USB:rawdata完成！'
'2023-07-05 10:45:02 test_shouye.py test_export_usb_tiff line:98 [INFO] 导出USB:tiff'
'2023-07-05 10:49:36 test_shouye.py test_export_usb_tiff line:162 [INFO] 导出USB:tiff完成！'
'2023-07-05 10:49:36 test_shouye.py test_export_usb_dicom line:175 [INFO] 导出USB:dicom'
'2023-07-05 10:59:14 test_shouye.py test_export_usb_dicom line:291 [INFO] 导出USB:dicom完成！'
'2023-07-05 10:59:14 test_shouye.py test_export_usb_avijpg line:304 [INFO] 导出USB:avi/jpg'
'2023-07-05 11:02:03 test_shouye.py test_export_usb_avijpg line:368 [INFO] 导出USB:avi/jpg完成！'
'2023-07-05 11:02:03 test_shouye.py test_export_local_rawdata line:381 [INFO] 导出local:rawdata'
'2023-07-05 11:02:34 test_shouye.py test_export_local_rawdata line:411 [INFO] 导出local:rawdata完成！'
'2023-07-05 11:02:34 test_shouye.py test_export_local_tiff line:424 [INFO] 导出local:tiff'
'2023-07-05 11:04:37 test_shouye.py test_export_local_tiff line:489 [INFO] 导出local:tiff完成！'
'2023-07-05 11:04:37 test_shouye.py test_export_local_dicom line:502 [INFO] 导出local:dicom'
'2023-07-05 11:08:43 test_shouye.py test_export_local_dicom line:619 [INFO] 导出local:dicom完成！'
'2023-07-05 11:08:43 test_shouye.py test_export_local_avijpg line:632 [INFO] 导出local:avi/jpg'
'2023-07-05 11:11:01 test_shouye.py test_export_local_avijpg line:699 [INFO] 导出local:avi/jpg'
'2023-07-05 11:11:01 test_shouye.py test_register line:714 [INFO] 注册患者'
'2023-07-05 11:11:20 test_shouye.py test_register line:754 [INFO] 注册患者完成！'
'2023-07-05 11:11:20 test_shouye.py test_register line:714 [INFO] 注册患者'
'2023-07-05 11:11:39 test_shouye.py test_register line:754 [INFO] 注册患者完成！'
'2023-07-05 11:11:39 test_shouye.py test_register line:714 [INFO] 注册患者'
'2023-07-05 11:11:58 test_shouye.py test_register line:754 [INFO] 注册患者完成！'
'2023-07-05 11:11:58 test_shouye.py test_register line:714 [INFO] 注册患者'
'2023-07-05 11:12:18 test_shouye.py test_register line:754 [INFO] 注册患者完成！'
'2023-07-05 11:12:18 test_shouye.py test_register_existed line:767 [INFO] 注册患者，住院号已存在'
'2023-07-05 11:12:42 test_shouye.py test_register_existed line:835 [INFO] 注册患者，住院号已存在完成！'
'2023-07-05 11:12:42 test_shouye.py test_choosePatient line:848 [INFO] 选择已有'
'2023-07-05 11:17:37 test_shouye.py test_choosePatient line:875 [INFO] 选择已有完成！'
'2023-07-05 11:17:37 test_shouye.py test_showInfo line:889 [INFO] 关于软件使用协议'
'2023-07-05 11:17:47 test_shouye.py test_showInfo line:927 [INFO] 关于软件使用协议完成！'
'2023-07-05 11:17:47 test_shouye.py test_shutDown_no line:941 [INFO] 首页关机：取消'
'2023-07-05 11:17:53 test_shouye.py test_shutDown_no line:954 [INFO] 首页关机：取消完成！'
